<?xml version="1.0" encoding="UTF-8"?>
<testsuite name="InvoiceGeneratorTest" tests="2" skipped="0" failures="0" errors="0" timestamp="2021-08-10T01:05:35" hostname="SHRADHA" time="0.052">
  <properties/>
  <testcase name="WhenGivenLessDistanceAndTimeShouldReturnMiniFare()" classname="InvoiceGeneratorTest" time="0.049"/>
  <testcase name="whenGivenDistanceAndTimeShouldReturnTotalFare()" classname="InvoiceGeneratorTest" time="0.002"/>
  <system-out><![CDATA[]]></system-out>
  <system-err><![CDATA[]]></system-err>
</testsuite>
